mode: set
easyConfig/pkg/config/providers.go:11.40,13.2 1 1
easyConfig/pkg/config/providers.go:15.71,20.16 3 1
easyConfig/pkg/config/providers.go:20.16,22.23 2 1
easyConfig/pkg/config/providers.go:22.23,32.4 1 1
easyConfig/pkg/config/providers.go:34.3,35.26 2 1
easyConfig/pkg/config/providers.go:35.26,45.4 1 1
easyConfig/pkg/config/providers.go:49.2,50.29 2 1
easyConfig/pkg/config/providers.go:50.29,60.3 1 0
easyConfig/pkg/config/providers.go:61.2,62.24 2 1
easyConfig/pkg/config/providers.go:62.24,72.3 1 0
easyConfig/pkg/config/providers.go:75.2,75.23 1 1
easyConfig/pkg/config/providers.go:75.23,78.27 2 1
easyConfig/pkg/config/providers.go:78.27,88.4 1 1
easyConfig/pkg/config/providers.go:90.3,91.28 2 1
easyConfig/pkg/config/providers.go:91.28,101.4 1 0
easyConfig/pkg/config/providers.go:103.3,104.29 2 1
easyConfig/pkg/config/providers.go:104.29,114.4 1 0
easyConfig/pkg/config/providers.go:117.2,117.19 1 1
easyConfig/pkg/config/providers.go:124.41,126.2 1 1
easyConfig/pkg/config/providers.go:128.72,133.16 3 1
easyConfig/pkg/config/providers.go:133.16,135.23 2 1
easyConfig/pkg/config/providers.go:135.23,145.4 1 1
easyConfig/pkg/config/providers.go:149.2,149.23 1 1
easyConfig/pkg/config/providers.go:149.23,151.27 2 1
easyConfig/pkg/config/providers.go:151.27,161.4 1 1
easyConfig/pkg/config/providers.go:163.2,163.19 1 1
easyConfig/pkg/config/providers.go:170.40,172.2 1 1
easyConfig/pkg/config/providers.go:174.61,178.16 3 1
easyConfig/pkg/config/providers.go:178.16,180.23 2 1
easyConfig/pkg/config/providers.go:180.23,190.4 1 1
easyConfig/pkg/config/providers.go:192.2,192.19 1 1
easyConfig/pkg/config/providers.go:199.39,201.2 1 1
easyConfig/pkg/config/providers.go:203.70,208.16 3 1
easyConfig/pkg/config/providers.go:208.16,210.23 2 1
easyConfig/pkg/config/providers.go:210.23,220.4 1 1
easyConfig/pkg/config/providers.go:224.2,224.23 1 1
easyConfig/pkg/config/providers.go:224.23,226.27 2 1
easyConfig/pkg/config/providers.go:226.27,236.4 1 1
easyConfig/pkg/config/providers.go:239.2,239.19 1 1
easyConfig/pkg/config/providers.go:246.40,248.2 1 1
easyConfig/pkg/config/providers.go:250.71,255.16 3 1
easyConfig/pkg/config/providers.go:255.16,257.23 2 1
easyConfig/pkg/config/providers.go:257.23,267.4 1 1
easyConfig/pkg/config/providers.go:271.2,272.29 2 1
easyConfig/pkg/config/providers.go:272.29,282.3 1 0
easyConfig/pkg/config/providers.go:283.2,284.30 2 1
easyConfig/pkg/config/providers.go:284.30,294.3 1 0
easyConfig/pkg/config/providers.go:297.2,297.23 1 1
easyConfig/pkg/config/providers.go:297.23,300.23 2 1
easyConfig/pkg/config/providers.go:300.23,310.4 1 1
easyConfig/pkg/config/providers.go:312.3,313.30 2 1
easyConfig/pkg/config/providers.go:313.30,323.4 1 0
easyConfig/pkg/config/providers.go:326.2,326.19 1 1
easyConfig/pkg/config/providers.go:333.39,335.2 1 1
easyConfig/pkg/config/providers.go:337.70,342.16 3 1
easyConfig/pkg/config/providers.go:342.16,344.23 2 1
easyConfig/pkg/config/providers.go:344.23,354.4 1 1
easyConfig/pkg/config/providers.go:358.2,358.23 1 1
easyConfig/pkg/config/providers.go:358.23,360.23 2 1
easyConfig/pkg/config/providers.go:360.23,370.4 1 1
easyConfig/pkg/config/providers.go:373.2,373.19 1 1
easyConfig/pkg/config/service.go:17.46,29.2 2 1
easyConfig/pkg/config/service.go:32.57,34.2 1 1
easyConfig/pkg/config/service.go:38.76,41.32 2 1
easyConfig/pkg/config/service.go:41.32,43.17 2 1
easyConfig/pkg/config/service.go:43.17,46.12 2 0
easyConfig/pkg/config/service.go:48.3,48.44 1 1
easyConfig/pkg/config/service.go:51.2,51.24 1 1
easyConfig/pkg/config/service.go:55.27,57.16 2 1
easyConfig/pkg/config/service.go:57.16,59.3 1 0
easyConfig/pkg/config/service.go:60.2,60.13 1 1
easyConfig/pkg/config/service.go:64.35,66.24 2 1
easyConfig/pkg/config/service.go:66.24,68.3 1 1
easyConfig/pkg/config/service.go:69.2,69.22 1 1
easyConfig/pkg/config/service.go:79.68,83.16 2 1
easyConfig/pkg/config/service.go:83.16,84.25 1 1
easyConfig/pkg/config/service.go:84.25,86.4 1 1
easyConfig/pkg/config/service.go:87.3,87.56 1 0
easyConfig/pkg/config/service.go:89.2,89.29 1 1
easyConfig/pkg/config/service.go:101.67,104.20 2 1
easyConfig/pkg/config/service.go:104.20,106.62 2 1
easyConfig/pkg/config/service.go:106.62,108.4 1 1
easyConfig/pkg/config/service.go:112.2,112.67 1 1
easyConfig/pkg/config/service.go:112.67,114.3 1 0
easyConfig/pkg/config/service.go:115.2,115.12 1 1
