mode: set
easyConfig/pkg/config/provider_aider.go:15.39,17.2 1 1
easyConfig/pkg/config/provider_aider.go:19.81,23.15 3 1
easyConfig/pkg/config/provider_aider.go:24.19,26.17 2 0
easyConfig/pkg/config/provider_aider.go:26.17,28.4 1 0
easyConfig/pkg/config/provider_aider.go:29.3,29.48 1 0
easyConfig/pkg/config/provider_aider.go:30.20,31.24 1 1
easyConfig/pkg/config/provider_aider.go:31.24,33.4 1 0
easyConfig/pkg/config/provider_aider.go:34.3,34.55 1 1
easyConfig/pkg/config/provider_aider.go:35.10,36.45 1 0
easyConfig/pkg/config/provider_aider.go:39.2,39.63 1 1
easyConfig/pkg/config/provider_aider.go:39.63,41.3 1 0
easyConfig/pkg/config/provider_aider.go:42.2,42.22 1 1
easyConfig/pkg/config/provider_aider.go:42.22,44.3 1 0
easyConfig/pkg/config/provider_aider.go:45.2,45.74 1 1
easyConfig/pkg/config/provider_aider.go:45.74,47.3 1 0
easyConfig/pkg/config/provider_aider.go:48.2,48.18 1 1
easyConfig/pkg/config/provider_aider.go:51.70,56.16 3 1
easyConfig/pkg/config/provider_aider.go:56.16,58.23 2 1
easyConfig/pkg/config/provider_aider.go:58.23,68.4 1 1
easyConfig/pkg/config/provider_aider.go:72.2,72.23 1 1
easyConfig/pkg/config/provider_aider.go:72.23,74.23 2 1
easyConfig/pkg/config/provider_aider.go:74.23,84.4 1 1
easyConfig/pkg/config/provider_aider.go:86.2,86.19 1 1
easyConfig/pkg/config/provider_claude.go:15.40,17.2 1 1
easyConfig/pkg/config/provider_claude.go:19.82,23.15 3 1
easyConfig/pkg/config/provider_claude.go:24.19,26.17 2 1
easyConfig/pkg/config/provider_claude.go:26.17,28.4 1 0
easyConfig/pkg/config/provider_claude.go:29.3,29.57 1 1
easyConfig/pkg/config/provider_claude.go:30.20,31.24 1 1
easyConfig/pkg/config/provider_claude.go:31.24,33.4 1 1
easyConfig/pkg/config/provider_claude.go:34.3,34.64 1 1
easyConfig/pkg/config/provider_claude.go:35.10,36.45 1 1
easyConfig/pkg/config/provider_claude.go:39.2,39.63 1 1
easyConfig/pkg/config/provider_claude.go:39.63,41.3 1 0
easyConfig/pkg/config/provider_claude.go:42.2,42.22 1 1
easyConfig/pkg/config/provider_claude.go:42.22,44.3 1 0
easyConfig/pkg/config/provider_claude.go:45.2,45.74 1 1
easyConfig/pkg/config/provider_claude.go:45.74,47.3 1 0
easyConfig/pkg/config/provider_claude.go:48.2,48.18 1 1
easyConfig/pkg/config/provider_claude.go:51.71,56.16 3 1
easyConfig/pkg/config/provider_claude.go:56.16,58.23 2 1
easyConfig/pkg/config/provider_claude.go:58.23,68.4 1 0
easyConfig/pkg/config/provider_claude.go:70.3,71.26 2 1
easyConfig/pkg/config/provider_claude.go:71.26,81.4 1 1
easyConfig/pkg/config/provider_claude.go:88.2,89.24 2 1
easyConfig/pkg/config/provider_claude.go:89.24,91.34 2 1
easyConfig/pkg/config/provider_claude.go:91.34,101.4 1 0
easyConfig/pkg/config/provider_claude.go:102.3,103.29 2 1
easyConfig/pkg/config/provider_claude.go:103.29,113.4 1 0
easyConfig/pkg/config/provider_claude.go:117.2,117.23 1 1
easyConfig/pkg/config/provider_claude.go:117.23,120.27 2 1
easyConfig/pkg/config/provider_claude.go:120.27,130.4 1 1
easyConfig/pkg/config/provider_claude.go:132.3,133.28 2 1
easyConfig/pkg/config/provider_claude.go:133.28,143.4 1 0
easyConfig/pkg/config/provider_claude.go:145.3,146.29 2 1
easyConfig/pkg/config/provider_claude.go:146.29,156.4 1 1
easyConfig/pkg/config/provider_claude.go:159.3,160.60 2 1
easyConfig/pkg/config/provider_claude.go:160.60,161.34 1 1
easyConfig/pkg/config/provider_claude.go:161.34,171.5 1 1
easyConfig/pkg/config/provider_claude.go:175.3,176.62 2 1
easyConfig/pkg/config/provider_claude.go:176.62,177.34 1 1
easyConfig/pkg/config/provider_claude.go:177.34,187.5 1 1
easyConfig/pkg/config/provider_claude.go:191.2,191.19 1 1
easyConfig/pkg/config/provider_codex.go:15.39,17.2 1 1
easyConfig/pkg/config/provider_codex.go:19.81,23.15 3 1
easyConfig/pkg/config/provider_codex.go:24.19,26.17 2 0
easyConfig/pkg/config/provider_codex.go:26.17,28.4 1 0
easyConfig/pkg/config/provider_codex.go:29.3,29.54 1 0
easyConfig/pkg/config/provider_codex.go:30.20,31.24 1 1
easyConfig/pkg/config/provider_codex.go:31.24,33.4 1 0
easyConfig/pkg/config/provider_codex.go:34.3,34.61 1 1
easyConfig/pkg/config/provider_codex.go:35.10,36.45 1 0
easyConfig/pkg/config/provider_codex.go:39.2,39.63 1 1
easyConfig/pkg/config/provider_codex.go:39.63,41.3 1 0
easyConfig/pkg/config/provider_codex.go:42.2,42.22 1 1
easyConfig/pkg/config/provider_codex.go:42.22,44.3 1 0
easyConfig/pkg/config/provider_codex.go:45.2,45.74 1 1
easyConfig/pkg/config/provider_codex.go:45.74,47.3 1 0
easyConfig/pkg/config/provider_codex.go:48.2,48.18 1 1
easyConfig/pkg/config/provider_codex.go:51.70,56.16 3 1
easyConfig/pkg/config/provider_codex.go:56.16,58.23 2 1
easyConfig/pkg/config/provider_codex.go:58.23,68.4 1 1
easyConfig/pkg/config/provider_codex.go:72.2,72.23 1 1
easyConfig/pkg/config/provider_codex.go:72.23,74.23 2 1
easyConfig/pkg/config/provider_codex.go:74.23,84.4 1 1
easyConfig/pkg/config/provider_codex.go:87.2,87.19 1 1
easyConfig/pkg/config/provider_copilot.go:15.41,17.2 1 1
easyConfig/pkg/config/provider_copilot.go:19.73,23.15 3 1
easyConfig/pkg/config/provider_copilot.go:24.19,26.17 2 0
easyConfig/pkg/config/provider_copilot.go:26.17,28.4 1 0
easyConfig/pkg/config/provider_copilot.go:29.3,29.60 1 0
easyConfig/pkg/config/provider_copilot.go:30.20,31.74 1 1
easyConfig/pkg/config/provider_copilot.go:32.10,33.45 1 0
easyConfig/pkg/config/provider_copilot.go:36.2,36.63 1 0
easyConfig/pkg/config/provider_copilot.go:36.63,38.3 1 0
easyConfig/pkg/config/provider_copilot.go:39.2,39.22 1 0
easyConfig/pkg/config/provider_copilot.go:39.22,41.3 1 0
easyConfig/pkg/config/provider_copilot.go:42.2,42.74 1 0
easyConfig/pkg/config/provider_copilot.go:42.74,44.3 1 0
easyConfig/pkg/config/provider_copilot.go:45.2,45.18 1 0
easyConfig/pkg/config/provider_copilot.go:48.72,53.16 3 1
easyConfig/pkg/config/provider_copilot.go:53.16,55.23 2 1
easyConfig/pkg/config/provider_copilot.go:55.23,65.4 1 1
easyConfig/pkg/config/provider_copilot.go:69.2,69.23 1 1
easyConfig/pkg/config/provider_copilot.go:69.23,71.27 2 1
easyConfig/pkg/config/provider_copilot.go:71.27,81.4 1 1
easyConfig/pkg/config/provider_copilot.go:83.2,83.19 1 1
easyConfig/pkg/config/provider_crush.go:15.39,17.2 1 1
easyConfig/pkg/config/provider_crush.go:19.81,23.15 3 1
easyConfig/pkg/config/provider_crush.go:24.19,26.22 2 0
easyConfig/pkg/config/provider_crush.go:26.22,28.4 1 0
easyConfig/pkg/config/provider_crush.go:29.3,29.48 1 0
easyConfig/pkg/config/provider_crush.go:30.20,31.24 1 1
easyConfig/pkg/config/provider_crush.go:31.24,33.4 1 0
easyConfig/pkg/config/provider_crush.go:34.3,34.50 1 1
easyConfig/pkg/config/provider_crush.go:35.10,36.45 1 0
easyConfig/pkg/config/provider_crush.go:39.2,39.63 1 1
easyConfig/pkg/config/provider_crush.go:39.63,41.3 1 0
easyConfig/pkg/config/provider_crush.go:42.2,42.22 1 1
easyConfig/pkg/config/provider_crush.go:42.22,44.3 1 0
easyConfig/pkg/config/provider_crush.go:45.2,45.74 1 1
easyConfig/pkg/config/provider_crush.go:45.74,47.3 1 0
easyConfig/pkg/config/provider_crush.go:48.2,48.18 1 1
easyConfig/pkg/config/provider_crush.go:51.70,56.21 3 1
easyConfig/pkg/config/provider_crush.go:56.21,59.27 2 1
easyConfig/pkg/config/provider_crush.go:59.27,69.4 1 1
easyConfig/pkg/config/provider_crush.go:72.3,73.32 2 1
easyConfig/pkg/config/provider_crush.go:73.32,83.4 1 0
easyConfig/pkg/config/provider_crush.go:87.2,87.23 1 1
easyConfig/pkg/config/provider_crush.go:87.23,90.29 2 1
easyConfig/pkg/config/provider_crush.go:90.29,100.4 1 0
easyConfig/pkg/config/provider_crush.go:103.3,104.30 2 1
easyConfig/pkg/config/provider_crush.go:104.30,114.4 1 1
easyConfig/pkg/config/provider_crush.go:117.3,118.29 2 1
easyConfig/pkg/config/provider_crush.go:118.29,128.4 1 0
easyConfig/pkg/config/provider_crush.go:130.2,130.19 1 1
easyConfig/pkg/config/provider_gemini.go:15.40,17.2 1 1
easyConfig/pkg/config/provider_gemini.go:19.82,23.15 3 1
easyConfig/pkg/config/provider_gemini.go:24.19,26.17 2 0
easyConfig/pkg/config/provider_gemini.go:26.17,28.4 1 0
easyConfig/pkg/config/provider_gemini.go:30.3,30.57 1 0
easyConfig/pkg/config/provider_gemini.go:32.20,33.24 1 1
easyConfig/pkg/config/provider_gemini.go:33.24,35.4 1 0
easyConfig/pkg/config/provider_gemini.go:36.3,36.64 1 1
easyConfig/pkg/config/provider_gemini.go:38.10,39.56 1 0
easyConfig/pkg/config/provider_gemini.go:43.2,43.63 1 1
easyConfig/pkg/config/provider_gemini.go:43.63,45.3 1 0
easyConfig/pkg/config/provider_gemini.go:48.2,48.22 1 1
easyConfig/pkg/config/provider_gemini.go:48.22,50.3 1 0
easyConfig/pkg/config/provider_gemini.go:52.2,52.74 1 1
easyConfig/pkg/config/provider_gemini.go:52.74,54.3 1 0
easyConfig/pkg/config/provider_gemini.go:56.2,56.18 1 1
easyConfig/pkg/config/provider_gemini.go:59.71,64.16 3 1
easyConfig/pkg/config/provider_gemini.go:64.16,66.23 2 1
easyConfig/pkg/config/provider_gemini.go:66.23,76.4 1 1
easyConfig/pkg/config/provider_gemini.go:80.2,81.24 2 1
easyConfig/pkg/config/provider_gemini.go:81.24,83.30 2 1
easyConfig/pkg/config/provider_gemini.go:83.30,93.4 1 0
easyConfig/pkg/config/provider_gemini.go:94.3,95.31 2 1
easyConfig/pkg/config/provider_gemini.go:95.31,105.4 1 0
easyConfig/pkg/config/provider_gemini.go:109.2,109.23 1 1
easyConfig/pkg/config/provider_gemini.go:109.23,112.23 2 1
easyConfig/pkg/config/provider_gemini.go:112.23,122.4 1 1
easyConfig/pkg/config/provider_gemini.go:124.3,125.30 2 1
easyConfig/pkg/config/provider_gemini.go:125.30,135.4 1 0
easyConfig/pkg/config/provider_gemini.go:138.3,139.64 2 1
easyConfig/pkg/config/provider_gemini.go:139.64,140.34 1 1
easyConfig/pkg/config/provider_gemini.go:140.34,144.56 3 1
easyConfig/pkg/config/provider_gemini.go:144.56,151.65 1 1
easyConfig/pkg/config/provider_gemini.go:151.65,162.7 1 1
easyConfig/pkg/config/provider_gemini.go:162.12,173.7 1 0
easyConfig/pkg/config/provider_gemini.go:174.11,185.6 1 0
easyConfig/pkg/config/provider_gemini.go:191.2,191.16 1 1
easyConfig/pkg/config/provider_gemini.go:191.16,193.63 2 1
easyConfig/pkg/config/provider_gemini.go:193.63,194.34 1 1
easyConfig/pkg/config/provider_gemini.go:194.34,197.62 3 0
easyConfig/pkg/config/provider_gemini.go:197.62,199.26 1 0
easyConfig/pkg/config/provider_gemini.go:199.26,209.15 2 0
easyConfig/pkg/config/provider_gemini.go:213.5,221.7 1 0
easyConfig/pkg/config/provider_gemini.go:226.2,226.19 1 1
easyConfig/pkg/config/provider_git.go:15.37,17.2 1 1
easyConfig/pkg/config/provider_git.go:19.79,23.15 3 1
easyConfig/pkg/config/provider_git.go:24.19,26.17 2 0
easyConfig/pkg/config/provider_git.go:26.17,28.4 1 0
easyConfig/pkg/config/provider_git.go:29.3,29.43 1 0
easyConfig/pkg/config/provider_git.go:30.20,31.24 1 1
easyConfig/pkg/config/provider_git.go:31.24,33.4 1 0
easyConfig/pkg/config/provider_git.go:34.3,34.54 1 1
easyConfig/pkg/config/provider_git.go:35.10,36.45 1 0
easyConfig/pkg/config/provider_git.go:40.2,40.63 1 1
easyConfig/pkg/config/provider_git.go:40.63,42.3 1 0
easyConfig/pkg/config/provider_git.go:43.2,43.22 1 1
easyConfig/pkg/config/provider_git.go:43.22,45.3 1 0
easyConfig/pkg/config/provider_git.go:46.2,46.74 1 1
easyConfig/pkg/config/provider_git.go:46.74,48.3 1 0
easyConfig/pkg/config/provider_git.go:49.2,49.18 1 1
easyConfig/pkg/config/provider_git.go:52.68,57.16 3 1
easyConfig/pkg/config/provider_git.go:57.16,59.23 2 1
easyConfig/pkg/config/provider_git.go:59.23,69.4 1 1
easyConfig/pkg/config/provider_git.go:74.2,75.25 2 1
easyConfig/pkg/config/provider_git.go:75.25,85.3 1 0
easyConfig/pkg/config/provider_git.go:88.2,88.23 1 1
easyConfig/pkg/config/provider_git.go:88.23,90.23 2 1
easyConfig/pkg/config/provider_git.go:90.23,100.4 1 1
easyConfig/pkg/config/provider_git.go:103.2,103.19 1 1
easyConfig/pkg/config/provider_goose.go:15.39,17.2 1 1
easyConfig/pkg/config/provider_goose.go:19.71,23.15 3 1
easyConfig/pkg/config/provider_goose.go:24.19,31.22 2 1
easyConfig/pkg/config/provider_goose.go:31.22,33.4 1 0
easyConfig/pkg/config/provider_goose.go:34.3,34.49 1 1
easyConfig/pkg/config/provider_goose.go:35.10,36.81 1 0
easyConfig/pkg/config/provider_goose.go:39.2,39.63 1 1
easyConfig/pkg/config/provider_goose.go:39.63,41.3 1 0
easyConfig/pkg/config/provider_goose.go:42.2,42.22 1 1
easyConfig/pkg/config/provider_goose.go:42.22,44.3 1 0
easyConfig/pkg/config/provider_goose.go:45.2,45.74 1 1
easyConfig/pkg/config/provider_goose.go:45.74,47.3 1 0
easyConfig/pkg/config/provider_goose.go:48.2,48.18 1 1
easyConfig/pkg/config/provider_goose.go:51.60,56.21 3 1
easyConfig/pkg/config/provider_goose.go:56.21,58.23 2 1
easyConfig/pkg/config/provider_goose.go:58.23,68.4 1 1
easyConfig/pkg/config/provider_goose.go:70.2,70.19 1 1
easyConfig/pkg/config/provider_jules.go:15.39,17.2 1 1
easyConfig/pkg/config/provider_jules.go:19.71,23.15 3 1
easyConfig/pkg/config/provider_jules.go:24.19,26.17 2 0
easyConfig/pkg/config/provider_jules.go:26.17,28.4 1 0
easyConfig/pkg/config/provider_jules.go:29.3,29.56 1 0
easyConfig/pkg/config/provider_jules.go:30.10,31.45 1 1
easyConfig/pkg/config/provider_jules.go:34.2,34.63 1 0
easyConfig/pkg/config/provider_jules.go:34.63,36.3 1 0
easyConfig/pkg/config/provider_jules.go:37.2,37.22 1 0
easyConfig/pkg/config/provider_jules.go:37.22,39.3 1 0
easyConfig/pkg/config/provider_jules.go:40.2,40.74 1 0
easyConfig/pkg/config/provider_jules.go:40.74,42.3 1 0
easyConfig/pkg/config/provider_jules.go:43.2,43.18 1 0
easyConfig/pkg/config/provider_jules.go:46.70,51.16 3 1
easyConfig/pkg/config/provider_jules.go:51.16,53.23 2 1
easyConfig/pkg/config/provider_jules.go:53.23,63.4 1 1
easyConfig/pkg/config/provider_jules.go:67.2,67.23 1 1
easyConfig/pkg/config/provider_jules.go:67.23,69.27 2 1
easyConfig/pkg/config/provider_jules.go:69.27,79.4 1 1
easyConfig/pkg/config/provider_jules.go:82.2,82.19 1 1
easyConfig/pkg/config/provider_openai.go:15.40,17.2 1 1
easyConfig/pkg/config/provider_openai.go:19.72,23.15 3 1
easyConfig/pkg/config/provider_openai.go:24.19,26.22 2 1
easyConfig/pkg/config/provider_openai.go:26.22,28.4 1 0
easyConfig/pkg/config/provider_openai.go:29.3,29.49 1 1
easyConfig/pkg/config/provider_openai.go:30.10,31.45 1 0
easyConfig/pkg/config/provider_openai.go:34.2,34.63 1 1
easyConfig/pkg/config/provider_openai.go:34.63,36.3 1 0
easyConfig/pkg/config/provider_openai.go:37.2,37.22 1 1
easyConfig/pkg/config/provider_openai.go:37.22,39.3 1 0
easyConfig/pkg/config/provider_openai.go:40.2,40.74 1 1
easyConfig/pkg/config/provider_openai.go:40.74,42.3 1 0
easyConfig/pkg/config/provider_openai.go:43.2,43.18 1 1
easyConfig/pkg/config/provider_openai.go:46.61,50.21 3 1
easyConfig/pkg/config/provider_openai.go:50.21,52.23 2 1
easyConfig/pkg/config/provider_openai.go:52.23,62.4 1 1
easyConfig/pkg/config/provider_openai.go:64.2,64.19 1 1
easyConfig/pkg/config/provider_opencode.go:15.42,17.2 1 1
easyConfig/pkg/config/provider_opencode.go:19.84,23.15 3 1
easyConfig/pkg/config/provider_opencode.go:24.19,26.22 2 0
easyConfig/pkg/config/provider_opencode.go:26.22,28.4 1 0
easyConfig/pkg/config/provider_opencode.go:29.3,29.51 1 0
easyConfig/pkg/config/provider_opencode.go:30.20,31.24 1 1
easyConfig/pkg/config/provider_opencode.go:31.24,33.4 1 0
easyConfig/pkg/config/provider_opencode.go:34.3,34.53 1 1
easyConfig/pkg/config/provider_opencode.go:35.10,36.45 1 0
easyConfig/pkg/config/provider_opencode.go:39.2,39.63 1 1
easyConfig/pkg/config/provider_opencode.go:39.63,41.3 1 0
easyConfig/pkg/config/provider_opencode.go:42.2,42.22 1 1
easyConfig/pkg/config/provider_opencode.go:42.22,44.3 1 0
easyConfig/pkg/config/provider_opencode.go:45.2,45.74 1 1
easyConfig/pkg/config/provider_opencode.go:45.74,47.3 1 0
easyConfig/pkg/config/provider_opencode.go:48.2,48.18 1 1
easyConfig/pkg/config/provider_opencode.go:51.73,57.21 3 1
easyConfig/pkg/config/provider_opencode.go:57.21,59.23 2 1
easyConfig/pkg/config/provider_opencode.go:59.23,69.4 1 1
easyConfig/pkg/config/provider_opencode.go:73.2,73.23 1 1
easyConfig/pkg/config/provider_opencode.go:73.23,76.27 2 1
easyConfig/pkg/config/provider_opencode.go:76.27,86.4 1 1
easyConfig/pkg/config/provider_opencode.go:88.3,89.28 2 1
easyConfig/pkg/config/provider_opencode.go:89.28,99.4 1 0
easyConfig/pkg/config/provider_opencode.go:101.2,101.19 1 1
easyConfig/pkg/config/service.go:19.65,20.19 1 1
easyConfig/pkg/config/service.go:20.19,22.3 1 0
easyConfig/pkg/config/service.go:23.2,39.11 2 1
easyConfig/pkg/config/service.go:43.57,45.2 1 1
easyConfig/pkg/config/service.go:49.76,52.32 2 1
easyConfig/pkg/config/service.go:52.32,54.17 2 1
easyConfig/pkg/config/service.go:54.17,57.12 2 1
easyConfig/pkg/config/service.go:59.3,59.44 1 1
easyConfig/pkg/config/service.go:62.2,62.24 1 1
easyConfig/pkg/config/service.go:66.111,67.32 1 1
easyConfig/pkg/config/service.go:67.32,68.31 1 1
easyConfig/pkg/config/service.go:68.31,70.4 1 1
easyConfig/pkg/config/service.go:72.2,72.63 1 0
easyConfig/pkg/config/service.go:76.60,78.23 1 1
easyConfig/pkg/config/service.go:78.23,80.3 1 1
easyConfig/pkg/config/service.go:83.2,83.40 1 1
easyConfig/pkg/config/service.go:83.40,85.3 1 0
easyConfig/pkg/config/service.go:87.2,87.12 1 1
easyConfig/pkg/config/service.go:91.27,93.16 2 1
easyConfig/pkg/config/service.go:93.16,95.3 1 0
easyConfig/pkg/config/service.go:96.2,96.13 1 1
easyConfig/pkg/config/service.go:100.35,102.24 2 1
easyConfig/pkg/config/service.go:102.24,104.3 1 1
easyConfig/pkg/config/service.go:105.2,105.22 1 1
easyConfig/pkg/config/service.go:115.68,119.16 2 1
easyConfig/pkg/config/service.go:119.16,120.25 1 1
easyConfig/pkg/config/service.go:120.25,122.4 1 1
easyConfig/pkg/config/service.go:123.3,123.56 1 0
easyConfig/pkg/config/service.go:125.2,125.29 1 1
easyConfig/pkg/config/service.go:137.67,140.20 2 1
easyConfig/pkg/config/service.go:140.20,142.62 2 1
easyConfig/pkg/config/service.go:142.62,144.4 1 0
easyConfig/pkg/config/service.go:148.2,148.67 1 1
easyConfig/pkg/config/service.go:148.67,150.3 1 0
easyConfig/pkg/config/service.go:151.2,151.12 1 1
easyConfig/pkg/marketplaces/smithery.go:26.42,33.2 1 1
easyConfig/pkg/marketplaces/smithery.go:36.70,38.16 2 1
easyConfig/pkg/marketplaces/smithery.go:38.16,40.3 1 1
easyConfig/pkg/marketplaces/smithery.go:41.2,43.38 2 1
easyConfig/pkg/marketplaces/smithery.go:43.38,46.3 1 1
easyConfig/pkg/marketplaces/smithery.go:48.2,49.69 2 1
easyConfig/pkg/marketplaces/smithery.go:49.69,51.3 1 0
easyConfig/pkg/marketplaces/smithery.go:53.2,53.22 1 1
easyConfig/pkg/marketplaces/smithery.go:56.53,80.2 1 1
easyConfig/pkg/schema/fetcher.go:18.28,24.2 1 1
easyConfig/pkg/schema/fetcher.go:28.59,29.54 1 1
easyConfig/pkg/schema/fetcher.go:29.54,31.3 1 0
easyConfig/pkg/schema/fetcher.go:33.2,33.32 1 1
easyConfig/pkg/schema/fetcher.go:33.32,35.28 1 1
easyConfig/pkg/schema/fetcher.go:35.28,36.12 1 1
easyConfig/pkg/schema/fetcher.go:39.3,40.91 2 1
easyConfig/pkg/schema/fetcher.go:40.91,43.4 1 0
easyConfig/pkg/schema/fetcher.go:45.2,45.12 1 1
easyConfig/pkg/schema/fetcher.go:48.71,50.16 2 1
easyConfig/pkg/schema/fetcher.go:50.16,52.3 1 0
easyConfig/pkg/schema/fetcher.go:53.2,55.38 2 1
easyConfig/pkg/schema/fetcher.go:55.38,57.3 1 0
easyConfig/pkg/schema/fetcher.go:59.2,61.16 3 1
easyConfig/pkg/schema/fetcher.go:61.16,63.3 1 0
easyConfig/pkg/schema/fetcher.go:64.2,67.16 3 1
easyConfig/pkg/schema/fetcher.go:67.16,69.3 1 0
easyConfig/pkg/schema/fetcher.go:71.2,71.12 1 1
